00:00:00.085 [ERROR] [sway/config/output.c:1080] failed to execute 'swaybg' (background configuration probably not applied): No such file or directory
00:00:00.086 [ERROR] [wlr] [xwayland/server.c:455] Cannot find Xwayland binary "/usr/bin/Xwayland"
00:00:00.086 [ERROR] [sway/server.c:466] Failed to start Xwayland
xset:  unable to open display ""
xset:  unable to open display ""
Can't open display 
Can't open display 
[ 05/04/2025 21:55:10.635 main FATAL ERROR ] Can't open display.
Can't open display 

(pamac-tray:78107): Gtk-CRITICAL **: 21:55:10.820: gtk_widget_get_scale_factor: assertion 'GTK_IS_WIDGET (widget)' failed

** (polkit-gnome-authentication-agent-1:78109): WARNING **: 21:55:10.832: AT-SPI: Could not obtain desktop path or name

** Message: 21:55:10.826: Systray icon is currently only supported on X11. Use the panel plugin instead.

(xfce4-power-manager:78141): libnotify-WARNING **: 21:55:10.848: Failed to connect to proxy

** (pamac-tray:78107): WARNING **: 21:55:10.850: AT-SPI: Could not obtain desktop path or name


** (polkit-gnome-authentication-agent-1:78109): WARNING **: 21:55:10.864: atk-bridge: GetRegisteredEvents returned message with unknown signature

** (polkit-gnome-authentication-agent-1:78109): WARNING **: 21:55:10.864: AT-SPI: Could not obtain desktop path or name


** (polkit-gnome-authentication-agent-1:78109): WARNING **: 21:55:10.864: atk-bridge: get_device_events_reply: unknown signature

** (pamac-tray:78107): WARNING **: 21:55:10.864: atk-bridge: get_device_events_reply: unknown signature

** (pamac-tray:78107): WARNING **: 21:55:10.864: atk-bridge: GetRegisteredEvents returned message with unknown signature

** (polkit-gnome-authentication-agent-1:78109): WARNING **: 21:55:10.911: atk-bridge: GetRegisteredEvents returned message with unknown signature

** (polkit-gnome-authentication-agent-1:78109): WARNING **: 21:55:10.914: atk-bridge: get_device_events_reply: unknown signature

** (xfce4-notifyd:78148): WARNING **: 21:55:10.915: AT-SPI: Could not obtain desktop path or name


** (pamac-tray:78107): WARNING **: 21:55:10.915: AT-SPI: Could not obtain desktop path or name


** (xfce4-notifyd:78148): WARNING **: 21:55:10.915: AT-SPI: Could not obtain desktop path or name


** (xfce4-power-manager:78141): WARNING **: 21:55:10.938: AT-SPI: Could not obtain desktop path or name


** (polkit-gnome-authentication-agent-1:78109): WARNING **: 21:55:10.938: AT-SPI: Could not obtain desktop path or name


** (xfce4-notifyd:78148): WARNING **: 21:55:10.938: AT-SPI: Could not obtain desktop path or name


** (xfce4-notifyd:78148): WARNING **: 21:55:10.938: atk-bridge: get_device_events_reply: unknown signature

** (xfce4-notifyd:78148): WARNING **: 21:55:10.938: atk-bridge: get_device_events_reply: unknown signature

** (xfce4-notifyd:78148): WARNING **: 21:55:10.939: atk-bridge: GetRegisteredEvents returned message with unknown signature

** (xfce4-notifyd:78148): WARNING **: 21:55:10.939: atk-bridge: GetRegisteredEvents returned message with unknown signature

** (xfce4-power-manager:78141): WARNING **: 21:55:10.939: AT-SPI: Could not obtain desktop path or name


** (xfce4-power-manager:78141): WARNING **: 21:55:10.939: AT-SPI: Could not obtain desktop path or name


** (xfce4-power-manager:78141): WARNING **: 21:55:10.939: AT-SPI: Could not obtain desktop path or name


** (pamac-tray:78107): WARNING **: 21:55:10.939: AT-SPI: Could not obtain desktop path or name


** (pamac-tray:78107): WARNING **: 21:55:10.939: atk-bridge: get_device_events_reply: unknown signature

** (pamac-tray:78107): WARNING **: 21:55:10.939: atk-bridge: GetRegisteredEvents returned message with unknown signature

** (xfce4-notifyd:78148): WARNING **: 21:55:10.983: AT-SPI: Could not obtain desktop path or name


** (xfce4-notifyd:78148): WARNING **: 21:55:10.983: AT-SPI: Could not obtain desktop path or name


** (xfce4-notifyd:78148): WARNING **: 21:55:10.983: atk-bridge: get_device_events_reply: unknown signature

** (xfce4-notifyd:78148): WARNING **: 21:55:10.983: atk-bridge: GetRegisteredEvents returned message with unknown signature

** (xfce4-power-manager:78141): WARNING **: 21:55:10.983: atk-bridge: GetRegisteredEvents returned message with unknown signature

** (xfce4-power-manager:78141): WARNING **: 21:55:10.983: atk-bridge: GetRegisteredEvents returned message with unknown signature

** (xfce4-power-manager:78141): WARNING **: 21:55:10.983: atk-bridge: get_device_events_reply: unknown signature

** (xfce4-power-manager:78141): WARNING **: 21:55:10.983: atk-bridge: GetRegisteredEvents returned message with unknown signature

** (xfce4-power-manager:78141): WARNING **: 21:55:10.983: atk-bridge: GetRegisteredEvents returned message with unknown signature

** (xfce4-power-manager:78141): WARNING **: 21:55:10.983: AT-SPI: Could not obtain desktop path or name


** (xfce4-power-manager:78141): WARNING **: 21:55:10.983: atk-bridge: get_device_events_reply: unknown signature

** (xfce4-power-manager:78141): WARNING **: 21:55:10.983: atk-bridge: get_device_events_reply: unknown signature

** (xfce4-power-manager:78141): WARNING **: 21:55:10.983: atk-bridge: get_device_events_reply: unknown signature

** (pamac-tray:78107): WARNING **: 21:55:10.984: AT-SPI: Could not obtain desktop path or name


** (pamac-tray:78107): WARNING **: 21:55:10.984: atk-bridge: get_device_events_reply: unknown signature

** (pamac-tray:78107): WARNING **: 21:55:10.984: AT-SPI: Could not obtain desktop path or name


** (pamac-tray:78107): WARNING **: 21:55:10.984: atk-bridge: GetRegisteredEvents returned message with unknown signature

** (polkit-gnome-authentication-agent-1:78109): WARNING **: 21:55:10.984: AT-SPI: Could not obtain desktop path or name


** (polkit-gnome-authentication-agent-1:78109): WARNING **: 21:55:10.984: AT-SPI: Could not obtain desktop path or name


** (pamac-tray:78107): WARNING **: 21:55:11.021: AT-SPI: Could not obtain desktop path or name


** (xfce4-notifyd:78148): WARNING **: 21:55:11.021: AT-SPI: Could not obtain desktop path or name


** (polkit-gnome-authentication-agent-1:78109): WARNING **: 21:55:11.021: AT-SPI: Could not obtain desktop path or name


** (xfce4-power-manager:78141): WARNING **: 21:55:11.023: AT-SPI: Could not obtain desktop path or name


** (nm-applet:78113): WARNING **: 21:55:11.052: AT-SPI: Could not obtain desktop path or name


** (nm-applet:78113): WARNING **: 21:55:11.052: AT-SPI: Could not obtain desktop path or name


** (nm-applet:78113): WARNING **: 21:55:11.052: AT-SPI: Could not obtain desktop path or name


** (nm-applet:78113): WARNING **: 21:55:11.052: AT-SPI: Could not obtain desktop path or name


** (nm-applet:78113): WARNING **: 21:55:11.052: AT-SPI: Could not obtain desktop path or name


** (xfce4-notifyd:78148): WARNING **: 21:55:11.079: AT-SPI: Could not obtain desktop path or name


** (nm-applet:78113): WARNING **: 21:55:11.079: AT-SPI: Could not obtain desktop path or name


** (nm-applet:78113): WARNING **: 21:55:11.079: atk-bridge: get_device_events_reply: unknown signature

** (nm-applet:78113): WARNING **: 21:55:11.079: atk-bridge: GetRegisteredEvents returned message with unknown signature

** (nm-applet:78113): WARNING **: 21:55:11.079: atk-bridge: get_device_events_reply: unknown signature

** (nm-applet:78113): WARNING **: 21:55:11.079: atk-bridge: get_device_events_reply: unknown signature

** (nm-applet:78113): WARNING **: 21:55:11.079: atk-bridge: GetRegisteredEvents returned message with unknown signature

** (nm-applet:78113): WARNING **: 21:55:11.079: atk-bridge: get_device_events_reply: unknown signature

** (nm-applet:78113): WARNING **: 21:55:11.079: atk-bridge: get_device_events_reply: unknown signature

** (nm-applet:78113): WARNING **: 21:55:11.079: AT-SPI: Could not obtain desktop path or name


** (nm-applet:78113): WARNING **: 21:55:11.079: atk-bridge: GetRegisteredEvents returned message with unknown signature

** (nm-applet:78113): WARNING **: 21:55:11.079: atk-bridge: GetRegisteredEvents returned message with unknown signature

** (nm-applet:78113): WARNING **: 21:55:11.079: atk-bridge: GetRegisteredEvents returned message with unknown signature

** (pamac-tray:78107): WARNING **: 21:55:11.081: AT-SPI: Could not obtain desktop path or name


** (polkit-gnome-authentication-agent-1:78109): WARNING **: 21:55:11.081: AT-SPI: Could not obtain desktop path or name


** (xfce4-power-manager:78141): WARNING **: 21:55:11.081: AT-SPI: Could not obtain desktop path or name


(blueberry-tray.py:78124): Gtk-WARNING **: 21:55:11.098: Creating a portal monitor failed: GDBus.Error:org.freedesktop.DBus.Error.UnknownMethod: No such interface “org.freedesktop.portal.Inhibit” on object at path /org/freedesktop/portal/desktop

(blueberry-tray.py:78124): Gtk-CRITICAL **: 21:55:11.100: gtk_widget_get_scale_factor: assertion 'GTK_IS_WIDGET (widget)' failed

(nm-applet:78113): Gtk-CRITICAL **: 21:55:11.102: gtk_widget_get_scale_factor: assertion 'GTK_IS_WIDGET (widget)' failed

** (nm-applet:78113): WARNING **: 21:55:11.103: atk-bridge: GetRegisteredEvents returned message with unknown signature

** (nm-applet:78113): WARNING **: 21:55:11.103: AT-SPI: Could not obtain desktop path or name


** (nm-applet:78113): WARNING **: 21:55:11.103: atk-bridge: get_device_events_reply: unknown signature

** (blueberry-tray.py:78124): WARNING **: 21:55:11.103: AT-SPI: Could not obtain desktop path or name


** (blueberry-tray.py:78124): WARNING **: 21:55:11.103: AT-SPI: Could not obtain desktop path or name


** (blueberry-tray.py:78124): WARNING **: 21:55:11.103: AT-SPI: Could not obtain desktop path or name


** (pamac-tray:78107): WARNING **: 21:55:11.104: AT-SPI: Could not obtain desktop path or name


** (xfce4-power-manager:78141): WARNING **: 21:55:11.104: AT-SPI: Could not obtain desktop path or name


** (xfce4-notifyd:78148): WARNING **: 21:55:11.107: AT-SPI: Could not obtain desktop path or name


** (polkit-gnome-authentication-agent-1:78109): WARNING **: 21:55:11.108: AT-SPI: Could not obtain desktop path or name


** (polkit-gnome-authentication-agent-1:78109): WARNING **: 21:55:11.126: AT-SPI: Could not obtain desktop path or name


** (blueberry-tray.py:78124): WARNING **: 21:55:11.126: atk-bridge: GetRegisteredEvents returned message with unknown signature

** (xfce4-notifyd:78148): WARNING **: 21:55:11.126: AT-SPI: Could not obtain desktop path or name


** (blueberry-tray.py:78124): WARNING **: 21:55:11.126: atk-bridge: GetRegisteredEvents returned message with unknown signature

** (blueberry-tray.py:78124): WARNING **: 21:55:11.126: atk-bridge: GetRegisteredEvents returned message with unknown signature

** (blueberry-tray.py:78124): WARNING **: 21:55:11.127: AT-SPI: Could not obtain desktop path or name


** (blueberry-tray.py:78124): WARNING **: 21:55:11.127: atk-bridge: get_device_events_reply: unknown signature

** (blueberry-tray.py:78124): WARNING **: 21:55:11.127: atk-bridge: get_device_events_reply: unknown signature

** (blueberry-tray.py:78124): WARNING **: 21:55:11.127: atk-bridge: get_device_events_reply: unknown signature

** (pamac-tray:78107): WARNING **: 21:55:11.128: AT-SPI: Could not obtain desktop path or name


** (nm-applet:78113): WARNING **: 21:55:11.128: AT-SPI: Could not obtain desktop path or name


** (xfce4-power-manager:78141): WARNING **: 21:55:11.129: AT-SPI: Could not obtain desktop path or name


** (xfce4-notifyd:78148): WARNING **: 21:55:11.356: AT-SPI: Could not obtain desktop path or name


** (blueberry-tray.py:78124): WARNING **: 21:55:11.356: AT-SPI: Could not obtain desktop path or name


** (nm-applet:78113): WARNING **: 21:55:11.356: AT-SPI: Could not obtain desktop path or name


** (xfce4-power-manager:78141): WARNING **: 21:55:11.356: AT-SPI: Could not obtain desktop path or name


** (pamac-tray:78107): WARNING **: 21:55:11.356: AT-SPI: Could not obtain desktop path or name


** (polkit-gnome-authentication-agent-1:78109): WARNING **: 21:55:11.356: AT-SPI: Could not obtain desktop path or name


(ulauncher:78126): libayatana-appindicator-WARNING **: 21:55:11.360: libayatana-appindicator is deprecated. Please use libayatana-appindicator-glib in newly written code.

** (blueberry-tray.py:78124): WARNING **: 21:55:11.385: AT-SPI: Could not obtain desktop path or name


** (ulauncher:78126): WARNING **: 21:55:11.385: AT-SPI: Could not obtain desktop path or name


** (ulauncher:78126): WARNING **: 21:55:11.385: AT-SPI: Could not obtain desktop path or name


** (xfce4-notifyd:78148): WARNING **: 21:55:11.385: AT-SPI: Could not obtain desktop path or name


** (ulauncher:78126): WARNING **: 21:55:11.385: AT-SPI: Could not obtain desktop path or name


** (ulauncher:78126): WARNING **: 21:55:11.385: AT-SPI: Could not obtain desktop path or name


** (ulauncher:78126): WARNING **: 21:55:11.385: AT-SPI: Could not obtain desktop path or name


** (nm-applet:78113): WARNING **: 21:55:11.385: AT-SPI: Could not obtain desktop path or name


** (ulauncher:78126): WARNING **: 21:55:11.385: AT-SPI: Could not obtain desktop path or name


** (polkit-gnome-authentication-agent-1:78109): WARNING **: 21:55:11.385: AT-SPI: Could not obtain desktop path or name


** (pamac-tray:78107): WARNING **: 21:55:11.386: AT-SPI: Could not obtain desktop path or name


** (xfce4-power-manager:78141): WARNING **: 21:55:11.387: AT-SPI: Could not obtain desktop path or name

WARNING: 2025-05-04 21:55:11,396: create_menu() 'Variety Slideshow is not installed. This is an optional extension adding pan-and-zoom slideshows to Variety: see https://github.com/peterlevi/variety-slideshow for details'

(variety:78121): libayatana-appindicator-WARNING **: 21:55:11.399: libayatana-appindicator is deprecated. Please use libayatana-appindicator-glib in newly written code.
[78115:0504/215511.404956:ERROR:ozone_platform_x11.cc(245)] Missing X server or $DISPLAY
[78115:0504/215511.404994:ERROR:env.cc(258)] The platform failed to initialize.  Exiting.

** (ulauncher:78126): WARNING **: 21:55:11.410: atk-bridge: GetRegisteredEvents returned message with unknown signature

** (ulauncher:78126): WARNING **: 21:55:11.410: atk-bridge: GetRegisteredEvents returned message with unknown signature

** (ulauncher:78126): WARNING **: 21:55:11.410: atk-bridge: get_device_events_reply: unknown signature

** (ulauncher:78126): WARNING **: 21:55:11.410: atk-bridge: GetRegisteredEvents returned message with unknown signature

** (ulauncher:78126): WARNING **: 21:55:11.410: atk-bridge: GetRegisteredEvents returned message with unknown signature

** (ulauncher:78126): WARNING **: 21:55:11.410: atk-bridge: get_device_events_reply: unknown signature

** (ulauncher:78126): WARNING **: 21:55:11.410: atk-bridge: GetRegisteredEvents returned message with unknown signature

** (ulauncher:78126): WARNING **: 21:55:11.410: atk-bridge: GetRegisteredEvents returned message with unknown signature

** (ulauncher:78126): WARNING **: 21:55:11.410: AT-SPI: Could not obtain desktop path or name


** (ulauncher:78126): WARNING **: 21:55:11.410: atk-bridge: get_device_events_reply: unknown signature

** (ulauncher:78126): WARNING **: 21:55:11.410: atk-bridge: get_device_events_reply: unknown signature

** (ulauncher:78126): WARNING **: 21:55:11.410: atk-bridge: get_device_events_reply: unknown signature

** (ulauncher:78126): WARNING **: 21:55:11.410: atk-bridge: get_device_events_reply: unknown signature

** (blueberry-tray.py:78124): WARNING **: 21:55:11.410: AT-SPI: Could not obtain desktop path or name


** (xfce4-notifyd:78148): WARNING **: 21:55:11.411: AT-SPI: Could not obtain desktop path or name


** (nm-applet:78113): WARNING **: 21:55:11.411: AT-SPI: Could not obtain desktop path or name


** (xfce4-power-manager:78141): WARNING **: 21:55:11.411: AT-SPI: Could not obtain desktop path or name


** (polkit-gnome-authentication-agent-1:78109): WARNING **: 21:55:11.411: AT-SPI: Could not obtain desktop path or name


** (pamac-tray:78107): WARNING **: 21:55:11.411: AT-SPI: Could not obtain desktop path or name


** (variety:78121): WARNING **: 21:55:11.425: AT-SPI: Could not obtain desktop path or name

WARNING: The convert command is deprecated in IMv7, use "magick" instead of "convert" or "magick convert"


** (ulauncher:78126): WARNING **: 21:55:11.450: AT-SPI: Could not obtain desktop path or name


** (xfce4-power-manager:78141): WARNING **: 21:55:11.450: AT-SPI: Could not obtain desktop path or name


** (blueberry-tray.py:78124): WARNING **: 21:55:11.450: AT-SPI: Could not obtain desktop path or name


** (polkit-gnome-authentication-agent-1:78109): WARNING **: 21:55:11.450: AT-SPI: Could not obtain desktop path or name


** (pamac-tray:78107): WARNING **: 21:55:11.450: AT-SPI: Could not obtain desktop path or name


** (variety:78121): WARNING **: 21:55:11.450: AT-SPI: Could not obtain desktop path or name


** (variety:78121): WARNING **: 21:55:11.450: AT-SPI: Could not obtain desktop path or name


** (variety:78121): WARNING **: 21:55:11.450: AT-SPI: Could not obtain desktop path or name


** (variety:78121): WARNING **: 21:55:11.450: atk-bridge: GetRegisteredEvents returned message with unknown signature

** (variety:78121): WARNING **: 21:55:11.450: AT-SPI: Could not obtain desktop path or name


** (variety:78121): WARNING **: 21:55:11.450: AT-SPI: Could not obtain desktop path or name


** (xfce4-notifyd:78148): WARNING **: 21:55:11.450: AT-SPI: Could not obtain desktop path or name


** (variety:78121): WARNING **: 21:55:11.450: AT-SPI: Could not obtain desktop path or name


** (variety:78121): WARNING **: 21:55:11.450: atk-bridge: get_device_events_reply: unknown signature

** (nm-applet:78113): WARNING **: 21:55:11.450: AT-SPI: Could not obtain desktop path or name


** (variety:78121): WARNING **: 21:55:11.450: AT-SPI: Could not obtain desktop path or name


(ulauncher:78126): Gtk-CRITICAL **: 21:55:11.468: gtk_widget_get_scale_factor: assertion 'GTK_IS_WIDGET (widget)' failed

** (xfce4-power-manager:78141): WARNING **: 21:55:11.476: AT-SPI: Could not obtain desktop path or name


** (pamac-tray:78107): WARNING **: 21:55:11.476: AT-SPI: Could not obtain desktop path or name


** (polkit-gnome-authentication-agent-1:78109): WARNING **: 21:55:11.476: AT-SPI: Could not obtain desktop path or name


** (blueberry-tray.py:78124): WARNING **: 21:55:11.476: AT-SPI: Could not obtain desktop path or name


** (xfce4-notifyd:78148): WARNING **: 21:55:11.476: AT-SPI: Could not obtain desktop path or name


** (variety:78121): WARNING **: 21:55:11.476: atk-bridge: GetRegisteredEvents returned message with unknown signature

** (variety:78121): WARNING **: 21:55:11.476: atk-bridge: GetRegisteredEvents returned message with unknown signature

** (variety:78121): WARNING **: 21:55:11.476: atk-bridge: get_device_events_reply: unknown signature

** (variety:78121): WARNING **: 21:55:11.476: atk-bridge: GetRegisteredEvents returned message with unknown signature

** (variety:78121): WARNING **: 21:55:11.476: atk-bridge: GetRegisteredEvents returned message with unknown signature

** (variety:78121): WARNING **: 21:55:11.476: atk-bridge: get_device_events_reply: unknown signature

** (variety:78121): WARNING **: 21:55:11.476: atk-bridge: GetRegisteredEvents returned message with unknown signature

** (variety:78121): WARNING **: 21:55:11.476: atk-bridge: GetRegisteredEvents returned message with unknown signature

** (variety:78121): WARNING **: 21:55:11.476: atk-bridge: get_device_events_reply: unknown signature

** (variety:78121): WARNING **: 21:55:11.477: atk-bridge: GetRegisteredEvents returned message with unknown signature

** (variety:78121): WARNING **: 21:55:11.477: AT-SPI: Could not obtain desktop path or name


** (variety:78121): WARNING **: 21:55:11.477: atk-bridge: get_device_events_reply: unknown signature

** (variety:78121): WARNING **: 21:55:11.477: atk-bridge: get_device_events_reply: unknown signature

** (variety:78121): WARNING **: 21:55:11.477: atk-bridge: get_device_events_reply: unknown signature

** (variety:78121): WARNING **: 21:55:11.477: atk-bridge: get_device_events_reply: unknown signature

** (ulauncher:78126): WARNING **: 21:55:11.476: AT-SPI: Could not obtain desktop path or name


** (nm-applet:78113): WARNING **: 21:55:11.477: AT-SPI: Could not obtain desktop path or name


(variety:78121): Gtk-CRITICAL **: 21:55:11.525: gtk_widget_get_scale_factor: assertion 'GTK_IS_WIDGET (widget)' failed
WARNING: The convert command is deprecated in IMv7, use "magick" instead of "convert" or "magick convert"


** (polkit-gnome-authentication-agent-1:78109): WARNING **: 21:55:35.832: AT-SPI: Could not obtain desktop path or name


** (variety:78121): WARNING **: 21:55:35.832: AT-SPI: Could not obtain desktop path or name


** (xfce4-power-manager:78141): WARNING **: 21:55:35.832: AT-SPI: Could not obtain desktop path or name


** (nm-applet:78113): WARNING **: 21:55:35.832: AT-SPI: Could not obtain desktop path or name


** (ulauncher:78126): WARNING **: 21:55:35.832: AT-SPI: Could not obtain desktop path or name


** (blueberry-tray.py:78124): WARNING **: 21:55:35.832: AT-SPI: Could not obtain desktop path or name


** (pamac-tray:78107): WARNING **: 21:55:35.832: AT-SPI: Could not obtain desktop path or name


** (xfce4-notifyd:78148): WARNING **: 21:55:35.832: AT-SPI: Could not obtain desktop path or name


** (archlinux-logout.py:82203): WARNING **: 21:55:35.841: AT-SPI: Could not obtain desktop path or name


** (pamac-tray:78107): WARNING **: 21:55:35.864: AT-SPI: Could not obtain desktop path or name


** (nm-applet:78113): WARNING **: 21:55:35.864: AT-SPI: Could not obtain desktop path or name


** (xfce4-notifyd:78148): WARNING **: 21:55:35.864: AT-SPI: Could not obtain desktop path or name


** (polkit-gnome-authentication-agent-1:78109): WARNING **: 21:55:35.864: AT-SPI: Could not obtain desktop path or name


** (variety:78121): WARNING **: 21:55:35.864: AT-SPI: Could not obtain desktop path or name


** (xfce4-power-manager:78141): WARNING **: 21:55:35.864: AT-SPI: Could not obtain desktop path or name


** (archlinux-logout.py:82203): WARNING **: 21:55:35.864: AT-SPI: Could not obtain desktop path or name


** (archlinux-logout.py:82203): WARNING **: 21:55:35.864: atk-bridge: get_device_events_reply: unknown signature

** (archlinux-logout.py:82203): WARNING **: 21:55:35.864: atk-bridge: GetRegisteredEvents returned message with unknown signature

** (blueberry-tray.py:78124): WARNING **: 21:55:35.864: AT-SPI: Could not obtain desktop path or name


** (ulauncher:78126): WARNING **: 21:55:35.864: AT-SPI: Could not obtain desktop path or name


** (polkit-gnome-authentication-agent-1:78109): WARNING **: 21:55:35.895: AT-SPI: Could not obtain desktop path or name


** (xfce4-power-manager:78141): WARNING **: 21:55:35.895: AT-SPI: Could not obtain desktop path or name


** (pamac-tray:78107): WARNING **: 21:55:35.895: AT-SPI: Could not obtain desktop path or name


** (blueberry-tray.py:78124): WARNING **: 21:55:35.895: AT-SPI: Could not obtain desktop path or name


** (xfce4-notifyd:78148): WARNING **: 21:55:35.895: AT-SPI: Could not obtain desktop path or name


** (ulauncher:78126): WARNING **: 21:55:35.895: AT-SPI: Could not obtain desktop path or name


** (variety:78121): WARNING **: 21:55:35.895: AT-SPI: Could not obtain desktop path or name


** (nm-applet:78113): WARNING **: 21:55:35.895: AT-SPI: Could not obtain desktop path or name


** (archlinux-logout.py:82203): WARNING **: 21:55:35.895: AT-SPI: Could not obtain desktop path or name


** (archlinux-logout.py:82203): WARNING **: 21:55:35.895: atk-bridge: get_device_events_reply: unknown signature

** (archlinux-logout.py:82203): WARNING **: 21:55:35.895: atk-bridge: GetRegisteredEvents returned message with unknown signature

** (pamac-tray:78107): WARNING **: 21:55:35.921: AT-SPI: Could not obtain desktop path or name


** (blueberry-tray.py:78124): WARNING **: 21:55:35.921: AT-SPI: Could not obtain desktop path or name


** (xfce4-power-manager:78141): WARNING **: 21:55:35.921: AT-SPI: Could not obtain desktop path or name


** (polkit-gnome-authentication-agent-1:78109): WARNING **: 21:55:35.921: AT-SPI: Could not obtain desktop path or name


** (xfce4-notifyd:78148): WARNING **: 21:55:35.921: AT-SPI: Could not obtain desktop path or name


** (archlinux-logout.py:82203): WARNING **: 21:55:35.921: AT-SPI: Could not obtain desktop path or name


** (archlinux-logout.py:82203): WARNING **: 21:55:35.921: atk-bridge: get_device_events_reply: unknown signature

** (archlinux-logout.py:82203): WARNING **: 21:55:35.921: atk-bridge: GetRegisteredEvents returned message with unknown signature

** (variety:78121): WARNING **: 21:55:35.921: AT-SPI: Could not obtain desktop path or name


** (nm-applet:78113): WARNING **: 21:55:35.921: AT-SPI: Could not obtain desktop path or name


** (ulauncher:78126): WARNING **: 21:55:35.922: AT-SPI: Could not obtain desktop path or name

Gdk-Message: 21:55:37.156: Error reading events from display: Broken pipe
Gdk-Message: 21:55:37.156: Error reading events from display: Broken pipe
Gdk-Message: 21:55:37.156: Error reading events from display: Broken pipe
Gdk-Message: 21:55:37.157: Error reading events from display: Broken pipe
Gdk-Message: 21:55:37.157: Error reading events from display: Broken pipe
Gdk-Message: 21:55:37.158: Error reading events from display: Broken pipe
Gdk-Message: 21:55:37.158: Error reading events from display: Broken pipe
Gdk-Message: 21:55:37.158: Error reading events from display: Broken pipe
