** Message: 09:50:05.990: Failed to fetch _NET_NUMBER_OF_DESKTOPS; assuming 1
** Message: 09:50:05.990: Failed to get _NET_WORKAREA; using full screen dimensions
** Message: 09:50:05.990: Failed to fetch _NET_CURRENT_DESKTOP; assuming 0
** Message: 09:50:05.990: Failed to fetch _NET_CURRENT_DESKTOP; assuming 0
gpg-agent: a gpg-agent is already running - not starting a new one

(xfce4-session:85476): xfce4-session-WARNING **: 09:50:06.041: Failed to run gnome-keyring-daemon: Failed to execute child process “gnome-keyring-daemon” (No such file or directory)
** Message: 09:50:06.175: Failed to fetch _NET_CURRENT_DESKTOP; assuming 0

** (wrapper-2.0:85562): WARNING **: 09:50:07.708: Binding 'XF86AudioPlay' failed!

** (wrapper-2.0:85562): WARNING **: 09:50:07.709: Binding 'XF86AudioStop' failed!

** (wrapper-2.0:85562): WARNING **: 09:50:07.709: Binding 'XF86AudioPrev' failed!

** (wrapper-2.0:85562): WARNING **: 09:50:07.710: Binding 'XF86AudioNext' failed!

(wrapper-2.0:85562): xfce4-pulseaudio-plugin-WARNING **: 09:50:07.710: Could not have grabbed multimedia control keys.
[ 05/04/2025 09:50:07.907 sanitize_options ERROR ] Backend not specified. You must choose one explicitly. Valid ones are: 
[ 05/04/2025 09:50:07.907 sanitize_options ERROR ] 	glx
[ 05/04/2025 09:50:07.907 sanitize_options ERROR ] 	egl
[ 05/04/2025 09:50:07.907 sanitize_options ERROR ] 	xrender
[ 05/04/2025 09:50:07.907 sanitize_options ERROR ] 	dummy
[ 05/04/2025 09:50:07.907 session_init FATAL ERROR ] Failed to get configuration, usually mean you have specified invalid options.
[ 05/04/2025 09:50:07.907 main FATAL ERROR ] Failed to create new session.

** (xfdesktop:85563): WARNING **: 09:50:08.289: Failed to register the newly set background with AccountsService '/home/pd0rk1n/.config/variety/wallpaper/wallpaper-auto-rotated-2259cbcc96d83c0d14be7ccd4bf46fe5.jpg': GDBus.Error:org.freedesktop.DBus.Error.InvalidArgs: No such interface “org.freedesktop.DisplayManager.AccountsService”

(pamac-tray:85612): Gdk-CRITICAL **: 09:50:08.313: gdk_window_thaw_toplevel_updates: assertion 'window->update_and_descendants_freeze_count > 0' failed

(ulauncher:85600): libayatana-appindicator-WARNING **: 09:50:08.561: libayatana-appindicator is deprecated. Please use libayatana-appindicator-glib in newly written code.

(pamac-tray:85612): GLib-CRITICAL **: 09:50:16.180: Source ID 20 was not found when attempting to remove it
** Message: 09:50:21.186: updates_checker.vala:59: check updates
WARNING: 2025-05-04 09:50:28,299: create_menu() 'Variety Slideshow is not installed. This is an optional extension adding pan-and-zoom slideshows to Variety: see https://github.com/peterlevi/variety-slideshow for details'

(variety:85599): libayatana-appindicator-WARNING **: 09:50:28.302: libayatana-appindicator is deprecated. Please use libayatana-appindicator-glib in newly written code.
WARNING: The convert command is deprecated in IMv7, use "magick" instead of "convert" or "magick convert"


(xfdesktop:85563): GLib-GObject-CRITICAL **: 09:50:29.849: g_object_unref: assertion 'G_IS_OBJECT (object)' failed

(xfdesktop:85563): GLib-GIO-CRITICAL **: 09:50:29.849: g_file_query_file_type: assertion 'G_IS_FILE(file)' failed

(xfdesktop:85563): GLib-GIO-CRITICAL **: 09:50:29.849: g_file_monitor_file: assertion 'G_IS_FILE (file)' failed

(xfdesktop:85563): GLib-GObject-CRITICAL **: 09:50:29.849: invalid (NULL) pointer instance

(xfdesktop:85563): GLib-GObject-CRITICAL **: 09:50:29.849: g_signal_connect_data: assertion 'G_TYPE_CHECK_INSTANCE (instance)' failed

(xfdesktop:85563): GLib-GObject-CRITICAL **: 09:50:29.849: g_object_unref: assertion 'G_IS_OBJECT (object)' failed

** (xfdesktop:85563): WARNING **: 09:50:29.893: Failed to register the newly set background with AccountsService '/home/pd0rk1n/.config/variety/wallpaper/wallpaper-auto-rotated-afeab16611e9c30c55f0765285aef050.jpg': GDBus.Error:org.freedesktop.DBus.Error.InvalidArgs: No such interface “org.freedesktop.DisplayManager.AccountsService”
WARNING: The convert command is deprecated in IMv7, use "magick" instead of "convert" or "magick convert"


(xfdesktop:85563): GLib-GObject-CRITICAL **: 09:50:34.650: g_object_unref: assertion 'G_IS_OBJECT (object)' failed

(xfdesktop:85563): GLib-GIO-CRITICAL **: 09:50:34.650: g_file_query_file_type: assertion 'G_IS_FILE(file)' failed

(xfdesktop:85563): GLib-GIO-CRITICAL **: 09:50:34.650: g_file_monitor_file: assertion 'G_IS_FILE (file)' failed

(xfdesktop:85563): GLib-GObject-CRITICAL **: 09:50:34.650: invalid (NULL) pointer instance

(xfdesktop:85563): GLib-GObject-CRITICAL **: 09:50:34.650: g_signal_connect_data: assertion 'G_TYPE_CHECK_INSTANCE (instance)' failed

(xfdesktop:85563): GLib-GObject-CRITICAL **: 09:50:34.650: g_object_unref: assertion 'G_IS_OBJECT (object)' failed

** (xfdesktop:85563): WARNING **: 09:50:34.694: Failed to register the newly set background with AccountsService '/home/pd0rk1n/.config/variety/wallpaper/wallpaper-auto-rotated-d4f2ccf0a90b14cbb54ea89a92cbe948.jpg': GDBus.Error:org.freedesktop.DBus.Error.InvalidArgs: No such interface “org.freedesktop.DisplayManager.AccountsService”
** Message: 09:50:38.341: updates_checker.vala:59: check updates
WARNING: The convert command is deprecated in IMv7, use "magick" instead of "convert" or "magick convert"


(xfdesktop:85563): GLib-GObject-CRITICAL **: 09:50:43.947: g_object_unref: assertion 'G_IS_OBJECT (object)' failed

(xfdesktop:85563): GLib-GIO-CRITICAL **: 09:50:43.947: g_file_query_file_type: assertion 'G_IS_FILE(file)' failed

(xfdesktop:85563): GLib-GIO-CRITICAL **: 09:50:43.947: g_file_monitor_file: assertion 'G_IS_FILE (file)' failed

(xfdesktop:85563): GLib-GObject-CRITICAL **: 09:50:43.947: invalid (NULL) pointer instance

(xfdesktop:85563): GLib-GObject-CRITICAL **: 09:50:43.947: g_signal_connect_data: assertion 'G_TYPE_CHECK_INSTANCE (instance)' failed

(xfdesktop:85563): GLib-GObject-CRITICAL **: 09:50:43.947: g_object_unref: assertion 'G_IS_OBJECT (object)' failed

** (xfdesktop:85563): WARNING **: 09:50:44.081: Failed to register the newly set background with AccountsService '/home/pd0rk1n/.config/variety/wallpaper/wallpaper-auto-rotated-46edbade7c9a7a3038d52f0d27ff8bd4.jpg': GDBus.Error:org.freedesktop.DBus.Error.InvalidArgs: No such interface “org.freedesktop.DisplayManager.AccountsService”

(nemo:91775): Nemo-WARNING **: 09:50:51.778: Current gtk theme is not known to have nemo support (Dracula) - checking...

(nemo:91775): Nemo-WARNING **: 09:50:51.930: Action '90_new-launcher.nemo_action' is missing dependency: cinnamon-desktop-editor
Nemo-Share-Message: 09:50:52.193: Called "net usershare info" but it failed: 'net usershare' returned error 255: net usershare: usershares are currently disabled

Nemo-Share-Message: 09:51:16.331: Called "net usershare info" but it failed: 'net usershare' returned error 255: net usershare: usershares are currently disabled


(nemo:91775): Nemo-WARNING **: 09:51:31.595: Could not inhibit power management: GDBus.Error:org.freedesktop.DBus.Error.NameHasNoOwner: Destination does not exist
Nemo-Share-Message: 09:51:43.761: Called "net usershare info" but it failed: 'net usershare' returned error 255: net usershare: usershares are currently disabled


(nemo:91775): Nemo-WARNING **: 09:51:47.226: Could not inhibit power management: GDBus.Error:org.freedesktop.DBus.Error.NameHasNoOwner: Destination does not exist

(nemo:91775): Nemo-WARNING **: 09:52:09.512: Could not inhibit power management: GDBus.Error:org.freedesktop.DBus.Error.NameHasNoOwner: Destination does not exist

(nemo:91775): Nemo-WARNING **: 09:52:22.184: Could not inhibit power management: GDBus.Error:org.freedesktop.DBus.Error.NameHasNoOwner: Destination does not exist

(nemo:91775): Nemo-WARNING **: 09:52:29.736: Could not inhibit power management: GDBus.Error:org.freedesktop.DBus.Error.NameHasNoOwner: Destination does not exist
Nemo-Share-Message: 09:52:32.744: Called "net usershare info" but it failed: 'net usershare' returned error 255: net usershare: usershares are currently disabled


(nemo:91775): Nemo-WARNING **: 09:52:49.589: Could not inhibit power management: GDBus.Error:org.freedesktop.DBus.Error.NameHasNoOwner: Destination does not exist
